  main.cpp
D:\learning\自学项目\CS106L\practicalDemo\practicalDemo\main.cpp(30,9): error C2429: 语言功能 "结构化绑定" 需要编译器标志 "/std:c++17"
D:\learning\自学项目\CS106L\practicalDemo\practicalDemo\main.cpp(31,13): error C2593: “operator <<”不明确
D:\DownloadedSoftware\VisualStudio2022\IDE\VC\Tools\MSVC\14.36.32532\include\ostream(475,39): message : 可能是“std::basic_ostream<char,std::char_traits<char>> &std::basic_ostream<char,std::char_traits<char>>::operator <<(std::basic_streambuf<char,std::char_traits<char>> *)”
D:\DownloadedSoftware\VisualStudio2022\IDE\VC\Tools\MSVC\14.36.32532\include\ostream(443,39): message : 或    “std::basic_ostream<char,std::char_traits<char>> &std::basic_ostream<char,std::char_traits<char>>::operator <<(const void *)”
D:\DownloadedSoftware\VisualStudio2022\IDE\VC\Tools\MSVC\14.36.32532\include\ostream(425,39): message : 或    “std::basic_ostream<char,std::char_traits<char>> &std::basic_ostream<char,std::char_traits<char>>::operator <<(long double)”
D:\DownloadedSoftware\VisualStudio2022\IDE\VC\Tools\MSVC\14.36.32532\include\ostream(407,39): message : 或    “std::basic_ostream<char,std::char_traits<char>> &std::basic_ostream<char,std::char_traits<char>>::operator <<(double)”
D:\DownloadedSoftware\VisualStudio2022\IDE\VC\Tools\MSVC\14.36.32532\include\ostream(389,39): message : 或    “std::basic_ostream<char,std::char_traits<char>> &std::basic_ostream<char,std::char_traits<char>>::operator <<(float)”
D:\DownloadedSoftware\VisualStudio2022\IDE\VC\Tools\MSVC\14.36.32532\include\ostream(371,39): message : 或    “std::basic_ostream<char,std::char_traits<char>> &std::basic_ostream<char,std::char_traits<char>>::operator <<(unsigned __int64)”
D:\DownloadedSoftware\VisualStudio2022\IDE\VC\Tools\MSVC\14.36.32532\include\ostream(353,39): message : 或    “std::basic_ostream<char,std::char_traits<char>> &std::basic_ostream<char,std::char_traits<char>>::operator <<(__int64)”
D:\DownloadedSoftware\VisualStudio2022\IDE\VC\Tools\MSVC\14.36.32532\include\ostream(335,39): message : 或    “std::basic_ostream<char,std::char_traits<char>> &std::basic_ostream<char,std::char_traits<char>>::operator <<(unsigned long)”
D:\DownloadedSoftware\VisualStudio2022\IDE\VC\Tools\MSVC\14.36.32532\include\ostream(317,39): message : 或    “std::basic_ostream<char,std::char_traits<char>> &std::basic_ostream<char,std::char_traits<char>>::operator <<(long)”
D:\DownloadedSoftware\VisualStudio2022\IDE\VC\Tools\MSVC\14.36.32532\include\ostream(298,39): message : 或    “std::basic_ostream<char,std::char_traits<char>> &std::basic_ostream<char,std::char_traits<char>>::operator <<(unsigned int)”
D:\DownloadedSoftware\VisualStudio2022\IDE\VC\Tools\MSVC\14.36.32532\include\ostream(272,39): message : 或    “std::basic_ostream<char,std::char_traits<char>> &std::basic_ostream<char,std::char_traits<char>>::operator <<(int)”
D:\DownloadedSoftware\VisualStudio2022\IDE\VC\Tools\MSVC\14.36.32532\include\ostream(253,39): message : 或    “std::basic_ostream<char,std::char_traits<char>> &std::basic_ostream<char,std::char_traits<char>>::operator <<(unsigned short)”
D:\DownloadedSoftware\VisualStudio2022\IDE\VC\Tools\MSVC\14.36.32532\include\ostream(219,39): message : 或    “std::basic_ostream<char,std::char_traits<char>> &std::basic_ostream<char,std::char_traits<char>>::operator <<(short)”
D:\DownloadedSoftware\VisualStudio2022\IDE\VC\Tools\MSVC\14.36.32532\include\ostream(201,39): message : 或    “std::basic_ostream<char,std::char_traits<char>> &std::basic_ostream<char,std::char_traits<char>>::operator <<(bool)”
D:\DownloadedSoftware\VisualStudio2022\IDE\VC\Tools\MSVC\14.36.32532\include\ostream(195,39): message : 或    “std::basic_ostream<char,std::char_traits<char>> &std::basic_ostream<char,std::char_traits<char>>::operator <<(std::ios_base &(__cdecl *)(std::ios_base &))”
D:\DownloadedSoftware\VisualStudio2022\IDE\VC\Tools\MSVC\14.36.32532\include\ostream(189,39): message : 或    “std::basic_ostream<char,std::char_traits<char>> &std::basic_ostream<char,std::char_traits<char>>::operator <<(std::basic_ios<char,std::char_traits<char>> &(__cdecl *)(std::basic_ios<char,std::char_traits<char>> &))”
D:\DownloadedSoftware\VisualStudio2022\IDE\VC\Tools\MSVC\14.36.32532\include\ostream(184,39): message : 或    “std::basic_ostream<char,std::char_traits<char>> &std::basic_ostream<char,std::char_traits<char>>::operator <<(std::basic_ostream<char,std::char_traits<char>> &(__cdecl *)(std::basic_ostream<char,std::char_traits<char>> &))”
D:\DownloadedSoftware\VisualStudio2022\IDE\VC\Tools\MSVC\14.36.32532\include\ostream(1075,32): message : 或    “std::basic_ostream<char,std::char_traits<char>> &std::operator <<<char,std::char_traits<char>>(std::basic_ostream<char,std::char_traits<char>> &,const std::error_code &)”
D:\DownloadedSoftware\VisualStudio2022\IDE\VC\Tools\MSVC\14.36.32532\include\ostream(940,31): message : 或    “std::basic_ostream<char,std::char_traits<char>> &std::operator <<<std::char_traits<char>>(std::basic_ostream<char,std::char_traits<char>> &,unsigned char)”
D:\DownloadedSoftware\VisualStudio2022\IDE\VC\Tools\MSVC\14.36.32532\include\ostream(934,31): message : 或    “std::basic_ostream<char,std::char_traits<char>> &std::operator <<<std::char_traits<char>>(std::basic_ostream<char,std::char_traits<char>> &,const unsigned char *)”
D:\DownloadedSoftware\VisualStudio2022\IDE\VC\Tools\MSVC\14.36.32532\include\ostream(929,31): message : 或    “std::basic_ostream<char,std::char_traits<char>> &std::operator <<<std::char_traits<char>>(std::basic_ostream<char,std::char_traits<char>> &,signed char)”
D:\DownloadedSoftware\VisualStudio2022\IDE\VC\Tools\MSVC\14.36.32532\include\ostream(923,31): message : 或    “std::basic_ostream<char,std::char_traits<char>> &std::operator <<<std::char_traits<char>>(std::basic_ostream<char,std::char_traits<char>> &,const signed char *)”
D:\DownloadedSoftware\VisualStudio2022\IDE\VC\Tools\MSVC\14.36.32532\include\ostream(806,31): message : 或    “std::basic_ostream<char,std::char_traits<char>> &std::operator <<<std::char_traits<char>>(std::basic_ostream<char,std::char_traits<char>> &,char)”
D:\DownloadedSoftware\VisualStudio2022\IDE\VC\Tools\MSVC\14.36.32532\include\ostream(761,31): message : 或    “std::basic_ostream<char,std::char_traits<char>> &std::operator <<<std::char_traits<char>>(std::basic_ostream<char,std::char_traits<char>> &,const char *)”
D:\DownloadedSoftware\VisualStudio2022\IDE\VC\Tools\MSVC\14.36.32532\include\ostream(725,32): message : 或    “std::basic_ostream<char,std::char_traits<char>> &std::operator <<<char,std::char_traits<char>>(std::basic_ostream<char,std::char_traits<char>> &,char)”
D:\DownloadedSoftware\VisualStudio2022\IDE\VC\Tools\MSVC\14.36.32532\include\ostream(681,32): message : 或    “std::basic_ostream<char,std::char_traits<char>> &std::operator <<<char,std::char_traits<char>>(std::basic_ostream<char,std::char_traits<char>> &,const char *)”
D:\learning\自学项目\CS106L\practicalDemo\practicalDemo\main.cpp(31,13): message : 尝试匹配参数列表“(std::basic_ostream<char,std::char_traits<char>>, unknown-type)”时
